<?xml version="1.0" encoding="UTF-8"?>
<!-- Generated by org.testng.reporters.JUnitReportReporter -->
<testsuite hostname="DESKTOP-L05GFEH" failures="0" tests="1" name="Util.BrowserFactory" time="0.139" errors="0" timestamp="2022-10-13T18:52:27 CDT" skipped="0">
  <testcase classname="Util.BrowserFactory" name="seleDropDown" time="0.139"/>
  <system-out/>
</testsuite> <!-- Util.BrowserFactory -->
