<?xml version="1.0" encoding="UTF-8"?>
<!-- Generated by org.testng.reporters.JUnitReportReporter -->
<testsuite hostname="DESKTOP-L05GFEH" failures="0" tests="3" name="Alert.JsAlert" time="0.249" errors="0" timestamp="2022-10-15T19:47:13 CDT" skipped="0">
  <testcase classname="Alert.JsAlert" name="checkToJsComfirm" time="0.140"/>
  <system-out/>
  <testcase classname="Alert.JsAlert" name="checkAlert" time="0.055"/>
  <system-out/>
  <testcase classname="Alert.JsAlert" name="checkToJsPrompt" time="0.054"/>
  <system-out/>
</testsuite> <!-- Alert.JsAlert -->
