<?xml version="1.0" encoding="UTF-8"?>
<!-- Generated by org.testng.reporters.JUnitReportReporter -->
<testsuite hostname="DESKTOP-L05GFEH" failures="0" tests="1" name="Util.BrowserFactory" time="8.533" errors="0" timestamp="2022-10-13T18:30:35 CDT" skipped="0">
  <testcase classname="Util.BrowserFactory" name="drageAndDob" time="8.533"/>
  <system-out/>
</testsuite> <!-- Util.BrowserFactory -->
