<?xml version="1.0" encoding="UTF-8"?>
<!-- Generated by org.testng.reporters.JUnitReportReporter -->
<testsuite hostname="DESKTOP-L05GFEH" failures="0" tests="2" name="util.BrowserFactory" time="0.491" errors="0" timestamp="2022-10-13T13:44:05 CDT" skipped="0">
  <testcase classname="util.BrowserFactory" name="tearDown" time="0.336"/>
  <system-out/>
  <testcase classname="util.BrowserFactory" name="checkTheBoxes" time="0.155"/>
  <system-out/>
</testsuite> <!-- util.BrowserFactory -->
