<?xml version="1.0" encoding="UTF-8"?>
<!-- Generated by org.testng.reporters.JUnitReportReporter -->
<testsuite hostname="DESKTOP-L05GFEH" failures="0" tests="1" name="Notification.Notifications" time="21.719" errors="0" timestamp="2022-10-15T19:15:29 CDT" skipped="0">
  <testcase classname="Notification.Notifications" name="clickTonotification" time="21.719"/>
  <system-out/>
</testsuite> <!-- Notification.Notifications -->
