<?xml version="1.0" encoding="UTF-8"?>
<!-- Generated by org.testng.reporters.JUnitReportReporter -->
<testsuite hostname="DESKTOP-L05GFEH" failures="0" tests="1" name="Errors.Error" time="0.030" errors="0" timestamp="2022-10-15T19:44:26 CDT" skipped="0">
  <testcase classname="Errors.Error" name="findPageLogs" time="0.030"/>
  <system-out/>
</testsuite> <!-- Errors.Error -->
