<?xml version="1.0" encoding="UTF-8"?>
<!-- Generated by org.testng.reporters.JUnitReportReporter -->
<testsuite hostname="DESKTOP-L05GFEH" failures="0" tests="1" name="FLAOTINGMENU.FLoat" time="0.047" errors="0" timestamp="2022-10-16T18:11:54 CDT" skipped="0">
  <testcase classname="FLAOTINGMENU.FLoat" name="scrollUpAndDown" time="0.047"/>
  <system-out/>
</testsuite> <!-- FLAOTINGMENU.FLoat -->
