<?xml version="1.0" encoding="UTF-8"?>
<!-- Generated by org.testng.reporters.JUnitReportReporter -->
<testsuite hostname="DESKTOP-L05GFEH" failures="0" tests="1" name="FileUpload.BrowserFactory" time="0.322" errors="0" timestamp="2022-10-15T22:23:27 CDT" skipped="0">
  <testcase classname="FileUpload.BrowserFactory" name="checkTheBoxes" time="0.322"/>
  <system-out/>
</testsuite> <!-- FileUpload.BrowserFactory -->
