<?xml version="1.0" encoding="UTF-8"?>
<!-- Generated by org.testng.reporters.JUnitReportReporter -->
<testsuite hostname="DESKTOP-L05GFEH" failures="0" tests="1" name="FileDownload.Download" time="0.551" errors="0" timestamp="2022-10-15T22:23:08 CDT" skipped="0">
  <testcase classname="FileDownload.Download" name="checkDownloadedFile" time="0.551"/>
  <system-out/>
</testsuite> <!-- FileDownload.Download -->
