<?xml version="1.0" encoding="UTF-8"?>
<!-- Generated by org.testng.reporters.JUnitReportReporter -->
<testsuite hostname="DESKTOP-L05GFEH" failures="0" tests="1" name="Hover.Hover" time="0.564" errors="0" timestamp="2022-10-15T20:13:11 CDT" skipped="0">
  <testcase classname="Hover.Hover" name="checkTheBoxes" time="0.564"/>
  <system-out/>
</testsuite> <!-- Hover.Hover -->
