<?xml version="1.0" encoding="UTF-8"?>
<!-- Generated by org.testng.reporters.JUnitReportReporter -->
<testsuite hostname="DESKTOP-L05GFEH" failures="0" tests="1" name="Iframes.BrowserFactory" time="0.169" errors="0" timestamp="2022-10-15T21:32:49 CDT" skipped="0">
  <testcase classname="Iframes.BrowserFactory" name="switchToIframe" time="0.169"/>
  <system-out/>
</testsuite> <!-- Iframes.BrowserFactory -->
