<?xml version="1.0" encoding="UTF-8"?>
<!-- Generated by org.testng.reporters.JUnitReportReporter -->
<testsuite hostname="DESKTOP-L05GFEH" failures="0" tests="1" name="window.NewWindow" time="0.403" errors="0" timestamp="2022-10-15T19:42:01 CDT" skipped="0">
  <testcase classname="window.NewWindow" name="newWindowChech" time="0.403"/>
  <system-out/>
</testsuite> <!-- window.NewWindow -->
